<?xml version="1.0" encoding="UTF-8"?>
<!-- Generated by org.testng.reporters.JUnitReportReporter -->
<testsuite hostname="Prateek" failures="0" tests="3" name="testScripts.PlaceOrderTest" time="44.556" errors="0" timestamp="2023-05-17T10:42:44 IST" skipped="0">
  <testcase classname="testScripts.PlaceOrderTest" name="addItemsToCartTest" time="19.222"/>
  <system-out/>
  <testcase classname="testScripts.PlaceOrderTest" name="deleteFromCartTest" time="7.735"/>
  <system-out/>
  <testcase classname="testScripts.PlaceOrderTest" name="PlacingOrderTest" time="17.599"/>
  <system-out/>
</testsuite> <!-- testScripts.PlaceOrderTest -->
