<?xml version="1.0" encoding="UTF-8"?>
<!-- Generated by org.testng.reporters.JUnitReportReporter -->
<testsuite hostname="Prateek" failures="0" tests="3" name="testScripts.PlaceOrderTest" time="42.993" errors="0" timestamp="2023-05-17T11:33:07 IST" skipped="0">
  <testcase classname="testScripts.PlaceOrderTest" name="addItemsToCartTest" time="17.355"/>
  <system-out/>
  <testcase classname="testScripts.PlaceOrderTest" name="deleteFromCartTest" time="7.399"/>
  <system-out/>
  <testcase classname="testScripts.PlaceOrderTest" name="PlacingOrderTest" time="18.239"/>
  <system-out/>
</testsuite> <!-- testScripts.PlaceOrderTest -->
